<?xml version="1.0" encoding="utf-8" ?>
<!DOCTYPE html PUBLIC "-//W3C//DTD XHTML 1.0 Strict//EN"
        "http://www.w3.org/TR/xhtml1/DTD/xhtml1-strict.dtd">
<html xmlns="http://www.w3.org/1999/xhtml" xml:lang="" lang="">
<head>
  <title>Test Results Report - Digital Library_SmokeTest</title>
  <meta http-equiv="Content-Type" content="text/html;charset=utf-8" />
  <meta name="description" content="TestNG unit test results." />
  <link href="reportng.css" rel="stylesheet" type="text/css" />
    <script type="text/javascript" src="reportng.js"></script>
</head>
<body>
<h1>Digital Library_SmokeTest</h1>
<p>
  Test duration: 138.990s
</p>



  <table class="resultsTable">
    <tr><th colspan="3" class="header failed">Failed Tests</th></tr>
          <tr>
        <td colspan="3" class="group">sac.dl.test.CompleteLibraryTest</td>
      </tr>
            
<tr>
  <td class="method">
                  testSearchByContents
      </td>
  <td class="duration">
    8.070s
  </td>
  <td class="result">
        
          <i>Method arguments: </i><span class="arguments">"science", "All eText Pages"</span><br />
    
        

        <a href="javascript:toggleElement('exception-0', 'block')" title="Click to expand/collapse"><b>java.lang.AssertionError: expected [true] but found [false]</b></a><br />
    <div class="stackTrace" id="exception-0">
              org.testng.Assert.fail(Assert.java:94)<br />
              org.testng.Assert.failNotEquals(Assert.java:494)<br />
              org.testng.Assert.assertTrue(Assert.java:42)<br />
              org.testng.Assert.assertTrue(Assert.java:52)<br />
              sac.dl.pageObject.CompleteLibraryPage.performSearch(CompleteLibraryPage.java:95)<br />
              sac.dl.test.CompleteLibraryTest.testSearchByContents(CompleteLibraryTest.java:54)<br />
              sun.reflect.NativeMethodAccessorImpl.invoke0(Native Method)<br />
              sun.reflect.NativeMethodAccessorImpl.invoke(Unknown Source)<br />
              sun.reflect.DelegatingMethodAccessorImpl.invoke(Unknown Source)<br />
              java.lang.reflect.Method.invoke(Unknown Source)<br />
              org.testng.internal.MethodInvocationHelper.invokeMethod(MethodInvocationHelper.java:84)<br />
              org.testng.internal.Invoker.invokeMethod(Invoker.java:714)<br />
              org.testng.internal.Invoker.invokeTestMethod(Invoker.java:901)<br />
              org.testng.internal.Invoker.invokeTestMethods(Invoker.java:1231)<br />
              org.testng.internal.TestMethodWorker.invokeTestMethods(TestMethodWorker.java:127)<br />
              org.testng.internal.TestMethodWorker.run(TestMethodWorker.java:111)<br />
              org.testng.TestRunner.privateRun(TestRunner.java:767)<br />
              org.testng.TestRunner.run(TestRunner.java:617)<br />
              org.testng.SuiteRunner.runTest(SuiteRunner.java:334)<br />
              org.testng.SuiteRunner.runSequentially(SuiteRunner.java:329)<br />
              org.testng.SuiteRunner.privateRun(SuiteRunner.java:291)<br />
              org.testng.SuiteRunner.run(SuiteRunner.java:240)<br />
              org.testng.SuiteRunnerWorker.runSuite(SuiteRunnerWorker.java:52)<br />
              org.testng.SuiteRunnerWorker.run(SuiteRunnerWorker.java:86)<br />
              org.testng.TestNG.runSuitesSequentially(TestNG.java:1224)<br />
              org.testng.TestNG.runSuitesLocally(TestNG.java:1149)<br />
              org.testng.TestNG.run(TestNG.java:1057)<br />
              org.testng.remote.RemoteTestNG.run(RemoteTestNG.java:111)<br />
              org.testng.remote.RemoteTestNG.initAndRun(RemoteTestNG.java:204)<br />
              org.testng.remote.RemoteTestNG.main(RemoteTestNG.java:175)<br />
                </div>
      </td>
</tr>
<tr>
  <td class="method">
                  testSearchByContents
      </td>
  <td class="duration">
    4.019s
  </td>
  <td class="result">
        
          <i>Method arguments: </i><span class="arguments">"Special", "All eText Pages"</span><br />
    
        

        <a href="javascript:toggleElement('exception-1', 'block')" title="Click to expand/collapse"><b>java.lang.AssertionError: expected [true] but found [false]</b></a><br />
    <div class="stackTrace" id="exception-1">
              org.testng.Assert.fail(Assert.java:94)<br />
              org.testng.Assert.failNotEquals(Assert.java:494)<br />
              org.testng.Assert.assertTrue(Assert.java:42)<br />
              org.testng.Assert.assertTrue(Assert.java:52)<br />
              sac.dl.pageObject.CompleteLibraryPage.performSearch(CompleteLibraryPage.java:95)<br />
              sac.dl.test.CompleteLibraryTest.testSearchByContents(CompleteLibraryTest.java:54)<br />
              sun.reflect.NativeMethodAccessorImpl.invoke0(Native Method)<br />
              sun.reflect.NativeMethodAccessorImpl.invoke(Unknown Source)<br />
              sun.reflect.DelegatingMethodAccessorImpl.invoke(Unknown Source)<br />
              java.lang.reflect.Method.invoke(Unknown Source)<br />
              org.testng.internal.MethodInvocationHelper.invokeMethod(MethodInvocationHelper.java:84)<br />
              org.testng.internal.Invoker.invokeMethod(Invoker.java:714)<br />
              org.testng.internal.Invoker.invokeTestMethod(Invoker.java:901)<br />
              org.testng.internal.Invoker.invokeTestMethods(Invoker.java:1231)<br />
              org.testng.internal.TestMethodWorker.invokeTestMethods(TestMethodWorker.java:127)<br />
              org.testng.internal.TestMethodWorker.run(TestMethodWorker.java:111)<br />
              org.testng.TestRunner.privateRun(TestRunner.java:767)<br />
              org.testng.TestRunner.run(TestRunner.java:617)<br />
              org.testng.SuiteRunner.runTest(SuiteRunner.java:334)<br />
              org.testng.SuiteRunner.runSequentially(SuiteRunner.java:329)<br />
              org.testng.SuiteRunner.privateRun(SuiteRunner.java:291)<br />
              org.testng.SuiteRunner.run(SuiteRunner.java:240)<br />
              org.testng.SuiteRunnerWorker.runSuite(SuiteRunnerWorker.java:52)<br />
              org.testng.SuiteRunnerWorker.run(SuiteRunnerWorker.java:86)<br />
              org.testng.TestNG.runSuitesSequentially(TestNG.java:1224)<br />
              org.testng.TestNG.runSuitesLocally(TestNG.java:1149)<br />
              org.testng.TestNG.run(TestNG.java:1057)<br />
              org.testng.remote.RemoteTestNG.run(RemoteTestNG.java:111)<br />
              org.testng.remote.RemoteTestNG.initAndRun(RemoteTestNG.java:204)<br />
              org.testng.remote.RemoteTestNG.main(RemoteTestNG.java:175)<br />
                </div>
      </td>
</tr>
<tr>
  <td class="method">
                  testSearchMyNotes
      </td>
  <td class="duration">
    8.940s
  </td>
  <td class="result">
        
          <i>Method arguments: </i><span class="arguments">"Test", "All eText Notes"</span><br />
    
        

        <a href="javascript:toggleElement('exception-2', 'block')" title="Click to expand/collapse"><b>org.openqa.selenium.StaleElementReferenceException: Element not found in the cache - perhaps the page has changed since it was looked up<br/>
Command duration or timeout: 6.37 seconds<br/>
For documentation on this error, please visit: http://seleniumhq.org/exceptions/stale_element_reference.html<br/>
Build info: version: &apos;2.45.0&apos;, revision: &apos;32a636c&apos;, time: &apos;2015-03-05 22:01:35&apos;<br/>
System info: host: &apos;DS-38607723D16D&apos;, ip: &apos;10.102.146.21&apos;, os.name: &apos;Windows 7&apos;, os.arch: &apos;amd64&apos;, os.version: &apos;6.1&apos;, java.version: &apos;1.8.0_40&apos;<br/>
Driver info: org.openqa.selenium.firefox.FirefoxDriver<br/>
Capabilities [{applicationCacheEnabled=true, rotatable=false, handlesAlerts=true, databaseEnabled=true, version=38.0.1, platform=WINDOWS, nativeEvents=false, acceptSslCerts=true, webStorageEnabled=true, locationContextEnabled=true, browserName=firefox, takesScreenshot=true, javascriptEnabled=true, cssSelectorsEnabled=true}]<br/>
Session ID: 60106263-aa5b-4f9f-af6c-b5d4483a3732</b></a><br />
    <div class="stackTrace" id="exception-2">
              sun.reflect.NativeConstructorAccessorImpl.newInstance0(Native Method)<br />
              sun.reflect.NativeConstructorAccessorImpl.newInstance(Unknown Source)<br />
              sun.reflect.DelegatingConstructorAccessorImpl.newInstance(Unknown Source)<br />
              java.lang.reflect.Constructor.newInstance(Unknown Source)<br />
              org.openqa.selenium.remote.ErrorHandler.createThrowable(ErrorHandler.java:204)<br />
              org.openqa.selenium.remote.ErrorHandler.throwIfResponseFailed(ErrorHandler.java:156)<br />
              org.openqa.selenium.remote.RemoteWebDriver.execute(RemoteWebDriver.java:599)<br />
              org.openqa.selenium.remote.RemoteWebElement.execute(RemoteWebElement.java:268)<br />
              org.openqa.selenium.remote.RemoteWebElement.isDisplayed(RemoteWebElement.java:320)<br />
              org.openqa.selenium.support.ui.ExpectedConditions.elementIfVisible(ExpectedConditions.java:227)<br />
              org.openqa.selenium.support.ui.ExpectedConditions.access$1(ExpectedConditions.java:226)<br />
              org.openqa.selenium.support.ui.ExpectedConditions$7.apply(ExpectedConditions.java:213)<br />
              org.openqa.selenium.support.ui.ExpectedConditions$7.apply(ExpectedConditions.java:1)<br />
              org.openqa.selenium.support.ui.ExpectedConditions$18.apply(ExpectedConditions.java:563)<br />
              org.openqa.selenium.support.ui.ExpectedConditions$18.apply(ExpectedConditions.java:1)<br />
              org.openqa.selenium.support.ui.FluentWait.until(FluentWait.java:208)<br />
              sac.dl.pageObject.CompleteLibraryPage.performSearch(CompleteLibraryPage.java:101)<br />
              sac.dl.test.CompleteLibraryTest.testSearchMyNotes(CompleteLibraryTest.java:70)<br />
              sun.reflect.NativeMethodAccessorImpl.invoke0(Native Method)<br />
              sun.reflect.NativeMethodAccessorImpl.invoke(Unknown Source)<br />
              sun.reflect.DelegatingMethodAccessorImpl.invoke(Unknown Source)<br />
              java.lang.reflect.Method.invoke(Unknown Source)<br />
              org.testng.internal.MethodInvocationHelper.invokeMethod(MethodInvocationHelper.java:84)<br />
              org.testng.internal.Invoker.invokeMethod(Invoker.java:714)<br />
              org.testng.internal.Invoker.invokeTestMethod(Invoker.java:901)<br />
              org.testng.internal.Invoker.invokeTestMethods(Invoker.java:1231)<br />
              org.testng.internal.TestMethodWorker.invokeTestMethods(TestMethodWorker.java:127)<br />
              org.testng.internal.TestMethodWorker.run(TestMethodWorker.java:111)<br />
              org.testng.TestRunner.privateRun(TestRunner.java:767)<br />
              org.testng.TestRunner.run(TestRunner.java:617)<br />
              org.testng.SuiteRunner.runTest(SuiteRunner.java:334)<br />
              org.testng.SuiteRunner.runSequentially(SuiteRunner.java:329)<br />
              org.testng.SuiteRunner.privateRun(SuiteRunner.java:291)<br />
              org.testng.SuiteRunner.run(SuiteRunner.java:240)<br />
              org.testng.SuiteRunnerWorker.runSuite(SuiteRunnerWorker.java:52)<br />
              org.testng.SuiteRunnerWorker.run(SuiteRunnerWorker.java:86)<br />
              org.testng.TestNG.runSuitesSequentially(TestNG.java:1224)<br />
              org.testng.TestNG.runSuitesLocally(TestNG.java:1149)<br />
              org.testng.TestNG.run(TestNG.java:1057)<br />
              org.testng.remote.RemoteTestNG.run(RemoteTestNG.java:111)<br />
              org.testng.remote.RemoteTestNG.initAndRun(RemoteTestNG.java:204)<br />
              org.testng.remote.RemoteTestNG.main(RemoteTestNG.java:175)<br />
                    <b>Caused by: </b> <a href="javascript:toggleElement('exception-3', 'block')" title="Click to expand/collapse">org.openqa.selenium.StaleElementReferenceException: Element not found in the cache - perhaps the page has changed since it was looked up<br/>
For documentation on this error, please visit: http://seleniumhq.org/exceptions/stale_element_reference.html<br/>
Build info: version: &apos;2.45.0&apos;, revision: &apos;32a636c&apos;, time: &apos;2015-03-05 22:01:35&apos;<br/>
System info: host: &apos;DS-38607723D16D&apos;, ip: &apos;10.102.146.21&apos;, os.name: &apos;Windows 7&apos;, os.arch: &apos;amd64&apos;, os.version: &apos;6.1&apos;, java.version: &apos;1.8.0_40&apos;<br/>
Driver info: driver.version: unknown</a><br />
        <div class="stackTrace" id="exception-3">
                      &lt;anonymous class&gt;.fxdriver.cache.getElementAt(resource://fxdriver/modules/web-element-cache.js:8953)<br />
                      &lt;anonymous class&gt;.Utils.getElementAt(file:///C:/Users/SACHIN~1.MAT/AppData/Local/Temp/anonymous774806741840806029webdriver-profile/extensions/fxdriver@googlecode.com/components/command-processor.js:8546)<br />
                      &lt;anonymous class&gt;.WebElement.isElementDisplayed(file:///C:/Users/SACHIN~1.MAT/AppData/Local/Temp/anonymous774806741840806029webdriver-profile/extensions/fxdriver@googlecode.com/components/command-processor.js:11789)<br />
                      &lt;anonymous class&gt;.DelayedCommand.prototype.executeInternal_/h(file:///C:/Users/SACHIN~1.MAT/AppData/Local/Temp/anonymous774806741840806029webdriver-profile/extensions/fxdriver@googlecode.com/components/command-processor.js:12274)<br />
                      &lt;anonymous class&gt;.fxdriver.Timer.prototype.setTimeout/&lt;.notify(file:///C:/Users/SACHIN~1.MAT/AppData/Local/Temp/anonymous774806741840806029webdriver-profile/extensions/fxdriver@googlecode.com/components/command-processor.js:603)<br />
                  </div>
          </div>
      </td>
</tr>
      </table>


  <table class="resultsTable">
    <tr><th colspan="3" class="header passed">Passed Tests</th></tr>
          <tr>
        <td colspan="3" class="group">sac.dl.test.CompleteLibraryTest</td>
      </tr>
            
<tr>
  <td class="method">
                  testSearchByContents
      </td>
  <td class="duration">
    6.669s
  </td>
  <td class="result">
        
          <i>Method arguments: </i><span class="arguments">"development", "All eText Pages"</span><br />
    
        

      </td>
</tr>
<tr>
  <td class="method">
                  testSearchByeText
      </td>
  <td class="duration">
    2.230s
  </td>
  <td class="result">
        
          <i>Method arguments: </i><span class="arguments">"Assessment", "All eText"</span><br />
    
        

      </td>
</tr>
<tr>
  <td class="method">
                  testSearchByeText
      </td>
  <td class="duration">
    2.793s
  </td>
  <td class="result">
        
          <i>Method arguments: </i><span class="arguments">"Audio", "All eText"</span><br />
    
        

      </td>
</tr>
<tr>
  <td class="method">
                  testSearchByeText
      </td>
  <td class="duration">
    2.876s
  </td>
  <td class="result">
        
          <i>Method arguments: </i><span class="arguments">"Counseling", "All eText"</span><br />
    
        

      </td>
</tr>
<tr>
  <td class="method">
                  testSearchMyNotes
      </td>
  <td class="duration">
    4.048s
  </td>
  <td class="result">
        
          <i>Method arguments: </i><span class="arguments">"Private", "All eText Notes"</span><br />
    
        

      </td>
</tr>
<tr>
  <td class="method">
                  testSearchMyNotes
      </td>
  <td class="duration">
    3.604s
  </td>
  <td class="result">
        
          <i>Method arguments: </i><span class="arguments">"Note", "All eText Notes"</span><br />
    
        

      </td>
</tr>
<tr>
  <td class="method">
                  testVerifyUIOfCompleteLibraryPage
      </td>
  <td class="duration">
    0.871s
  </td>
  <td class="result">
        
          <i>Method arguments: </i><span class="arguments">"7 eTexts", "2 Products", "12 Videos", "11 Resources"</span><br />
    
        

      </td>
</tr>
          <tr>
        <td colspan="3" class="group">sac.dl.test.LoginTest</td>
      </tr>
            
<tr>
  <td class="method">
                  testLogin
      </td>
  <td class="duration">
    23.002s
  </td>
  <td class="result">
        
          <i>Method arguments: </i><span class="arguments">"library_edu_1", "pa55word"</span><br />
    
        

      </td>
</tr>
<tr>
  <td class="method">
                  testverifyUIOfLoginPage
      </td>
  <td class="duration">
    1.569s
  </td>
  <td class="result">
        
          <i>Method arguments: </i><span class="arguments">"Sign In", "username", "password", "Forgot your username/password?", "Don't have an account?", "Purchase Library", "Register Now", "Search and browse Library"</span><br />
    
        

      </td>
</tr>
          <tr>
        <td colspan="3" class="group">sac.dl.test.SavedSearchesTest</td>
      </tr>
            
<tr>
  <td class="method">
                  testClickOnSavedContentSearchTerm
      </td>
  <td class="duration">
    3.525s
  </td>
  <td class="result">
        
          <i>Method arguments: </i><span class="arguments">"development", "All eText Notes"</span><br />
    
        

      </td>
</tr>
<tr>
  <td class="method">
                  testClickOnSavedNoteSearchTerm
      </td>
  <td class="duration">
    1.560s
  </td>
  <td class="result">
        
          <i>Method arguments: </i><span class="arguments">"Note", "All eText Notes"</span><br />
    
        

      </td>
</tr>
<tr>
  <td class="method">
                  testClickOnSavedeTextSearchTerm
      </td>
  <td class="duration">
    1.778s
  </td>
  <td class="result">
        
          <i>Method arguments: </i><span class="arguments">"Counseling", "All eText"</span><br />
    
        

      </td>
</tr>
<tr>
  <td class="method">
                  testDeleteSavedContentSearchTerm
      </td>
  <td class="duration">
    3.401s
  </td>
  <td class="result">
        
          <i>Method arguments: </i><span class="arguments">"development"</span><br />
    
        

      </td>
</tr>
<tr>
  <td class="method">
                  testDeleteSavedNoteSearchTerm
      </td>
  <td class="duration">
    1.997s
  </td>
  <td class="result">
        
          <i>Method arguments: </i><span class="arguments">"Note"</span><br />
    
        

      </td>
</tr>
<tr>
  <td class="method">
                  testDeleteSavedeTextSearchTerm
      </td>
  <td class="duration">
    2.465s
  </td>
  <td class="result">
        
          <i>Method arguments: </i><span class="arguments">"Counseling"</span><br />
    
        

      </td>
</tr>
<tr>
  <td class="method">
                  testNavigateToSavedSearchesPage
      </td>
  <td class="duration">
    1.498s
  </td>
  <td class="result">
        
    
        

      </td>
</tr>
          <tr>
        <td colspan="3" class="group">sac.dl.test.SearchResultsTest</td>
      </tr>
            
<tr>
  <td class="method">
                  testverifyAlleTextNotesStack
      </td>
  <td class="duration">
    0.718s
  </td>
  <td class="result">
        
    
        

      </td>
</tr>
<tr>
  <td class="method">
                  testverifyAlleTextPagesStack
      </td>
  <td class="duration">
    0.551s
  </td>
  <td class="result">
        
    
        

      </td>
</tr>
<tr>
  <td class="method">
                  testverifyAlleTextStack
      </td>
  <td class="duration">
    0.452s
  </td>
  <td class="result">
        
    
        

      </td>
</tr>
          <tr>
        <td colspan="3" class="group">sac.dl.test.SignOutTest</td>
      </tr>
            
<tr>
  <td class="method">
                  testSignOut
      </td>
  <td class="duration">
    3.214s
  </td>
  <td class="result">
        
    
        

      </td>
</tr>
      </table>
  
</body>
</html>
